<?xml version="1.0" encoding="UTF-8"?>
<!-- Generated by org.testng.reporters.JUnitXMLReporter -->
<testsuite hostname="DESKTOP-EECEQ6C" ignored="0" name="Test" tests="4" failures="3" timestamp="2022-03-28T13:32:00 IST" time="37.105" errors="0">
  <testcase name="Loginpage" time="9.35" classname="com.bsw.DemoProjects"/>
  <testcase name="checkmsg" time="9.891" classname="com.bsw.DemoProjects">
    <failure type="java.lang.AssertionError" message="expected [Welcome] but found [Java By Kiran]">
      <![CDATA[java.lang.AssertionError: expected [Welcome] but found [Java By Kiran]
at com.bsw.DemoProjects.checkmsg(DemoProjects.java:27)
at java.util.ArrayList.forEach(ArrayList.java:1249)
... Removed 33 stack frames]]>
    </failure>
  </testcase> <!-- checkmsg -->
  <testcase name="checkmsg01" time="8.404" classname="com.bsw.DashboardPage">
    <failure type="java.lang.AssertionError" message="expected [Please enter valid Password] but found [Please enter password 123456]">
      <![CDATA[java.lang.AssertionError: expected [Please enter valid Password] but found [Please enter password 123456]
at com.bsw.DashboardPage.checkmsg01(DashboardPage.java:21)
at java.util.ArrayList.forEach(ArrayList.java:1249)
... Removed 33 stack frames]]>
    </failure>
  </testcase> <!-- checkmsg01 -->
  <testcase name="checkmsg02" time="9.26" classname="com.bsw.DashboardPage">
    <failure type="java.lang.AssertionError" message="expected [Please enter valid email] but found [Please enter email as kiran@gmail.com]">
      <![CDATA[java.lang.AssertionError: expected [Please enter valid email] but found [Please enter email as kiran@gmail.com]
at com.bsw.DashboardPage.checkmsg02(DashboardPage.java:36)
at java.util.ArrayList.forEach(ArrayList.java:1249)
... Removed 33 stack frames]]>
    </failure>
  </testcase> <!-- checkmsg02 -->
</testsuite> <!-- Test -->
