<?xml version="1.0" encoding="UTF-8"?>
<!-- Generated by org.testng.reporters.JUnitXMLReporter -->
<testsuite hostname="DESKTOP-EECEQ6C" ignored="0" name="Default test" tests="4" failures="0" timestamp="2022-04-13T13:35:44 IST" time="40.91" errors="0">
  <testcase name="checkmsg01" time="15.554" classname="com.ABC.DashboardPage"/>
  <testcase name="checkmsg02" time="10.695" classname="com.ABC.DashboardPage"/>
  <testcase name="Loginpage" time="8.596" classname="com.ABC.DemoProjects"/>
  <testcase name="checkmsg" time="5.859" classname="com.ABC.DemoProjects"/>
</testsuite> <!-- Default test -->
